{"contracts\\ContractsMaliciousReceiver.sol":{"l":{"7":1,"11":2,"15":2,"16":1},"path":"F:\\SimpleSwapDApp\\hardhat\\contracts\\ContractsMaliciousReceiver.sol","s":{"1":2,"2":2},"b":{"1":[1,1]},"f":{"1":2},"fnMap":{"1":{"name":"executeWithdraw","line":10,"loc":{"start":{"line":10,"column":4},"end":{"line":20,"column":4}}}},"statementMap":{"1":{"start":{"line":11,"column":8},"end":{"line":11,"column":290}},"2":{"start":{"line":15,"column":8},"end":{"line":15,"column":432}}},"branchMap":{"1":{"line":15,"type":"if","locations":[{"start":{"line":15,"column":8},"end":{"line":15,"column":8}},{"start":{"line":15,"column":8},"end":{"line":15,"column":8}}]}}},"contracts\\ISimpleSwap.sol":{"l":{},"path":"F:\\SimpleSwapDApp\\hardhat\\contracts\\ISimpleSwap.sol","s":{},"b":{},"f":{},"fnMap":{},"statementMap":{},"branchMap":{}},"contracts\\MyTokenA.sol":{"l":{"40":53,"48":1,"58":5,"64":4,"67":4},"path":"F:\\SimpleSwapDApp\\hardhat\\contracts\\MyTokenA.sol","s":{"1":53,"2":1,"3":5,"4":4},"b":{"1":[1,1],"2":[4,1]},"f":{"1":53,"2":1,"3":5},"fnMap":{"1":{"name":"constructor","line":38,"loc":{"start":{"line":35,"column":4},"end":{"line":41,"column":4}}},"2":{"name":"mint","line":47,"loc":{"start":{"line":47,"column":4},"end":{"line":49,"column":4}}},"3":{"name":"faucet","line":57,"loc":{"start":{"line":57,"column":4},"end":{"line":68,"column":4}}}},"statementMap":{"1":{"start":{"line":40,"column":8},"end":{"line":40,"column":55}},"2":{"start":{"line":48,"column":8},"end":{"line":48,"column":24}},"3":{"start":{"line":58,"column":8},"end":{"line":58,"column":2844}},"4":{"start":{"line":67,"column":8},"end":{"line":67,"column":38}}},"branchMap":{"1":{"line":47,"type":"if","locations":[{"start":{"line":47,"column":53},"end":{"line":47,"column":53}},{"start":{"line":47,"column":53},"end":{"line":47,"column":53}}]},"2":{"line":58,"type":"if","locations":[{"start":{"line":58,"column":8},"end":{"line":58,"column":8}},{"start":{"line":58,"column":8},"end":{"line":58,"column":8}}]}}},"contracts\\MyTokenB.sol":{"l":{"41":52,"49":1,"59":5,"65":4,"68":4},"path":"F:\\SimpleSwapDApp\\hardhat\\contracts\\MyTokenB.sol","s":{"1":52,"2":1,"3":5,"4":4},"b":{"1":[1,1],"2":[4,1]},"f":{"1":52,"2":1,"3":5},"fnMap":{"1":{"name":"constructor","line":39,"loc":{"start":{"line":36,"column":4},"end":{"line":42,"column":4}}},"2":{"name":"mint","line":48,"loc":{"start":{"line":48,"column":4},"end":{"line":50,"column":4}}},"3":{"name":"faucet","line":58,"loc":{"start":{"line":58,"column":4},"end":{"line":69,"column":4}}}},"statementMap":{"1":{"start":{"line":41,"column":8},"end":{"line":41,"column":55}},"2":{"start":{"line":49,"column":8},"end":{"line":49,"column":24}},"3":{"start":{"line":59,"column":8},"end":{"line":59,"column":2840}},"4":{"start":{"line":68,"column":8},"end":{"line":68,"column":38}}},"branchMap":{"1":{"line":48,"type":"if","locations":[{"start":{"line":48,"column":53},"end":{"line":48,"column":53}},{"start":{"line":48,"column":53},"end":{"line":48,"column":53}}]},"2":{"line":59,"type":"if","locations":[{"start":{"line":59,"column":8},"end":{"line":59,"column":8}},{"start":{"line":59,"column":8},"end":{"line":59,"column":8}}]}}},"contracts\\SimpleSwap.sol":{"l":{"119":70,"120":66,"169":52,"170":51,"172":51,"173":51,"175":51,"176":51,"177":51,"178":26,"179":26,"181":25,"182":25,"185":51,"194":49,"195":48,"197":48,"198":48,"207":46,"208":23,"209":23,"211":23,"212":23,"215":46,"254":7,"255":2,"257":5,"258":5,"260":5,"261":5,"262":5,"264":5,"265":5,"267":5,"268":4,"270":3,"272":3,"273":3,"275":3,"276":1,"277":1,"279":2,"280":2,"283":3,"311":7,"312":6,"313":6,"315":6,"316":6,"318":6,"319":6,"320":6,"321":2,"322":2,"324":4,"325":4,"328":6,"329":4,"330":1,"332":3,"334":3,"335":1,"336":1,"338":2,"339":2,"342":3,"344":3,"366":17,"367":14,"368":5,"369":9,"370":9,"371":9,"386":3,"390":3,"391":2,"403":11,"419":81,"420":80,"437":18,"438":18,"441":18,"468":51,"469":45,"471":6,"472":6,"473":4,"474":1,"475":3,"477":2,"478":2,"479":1,"480":1,"506":48,"508":45,"509":45,"510":1,"513":44,"516":3,"519":47,"522":46,"543":3,"544":3,"545":2,"546":2,"559":4,"561":4,"562":4,"563":2,"565":1,"570":1,"573":3,"575":3,"576":1,"579":2,"581":2},"path":"F:\\SimpleSwapDApp\\hardhat\\contracts\\SimpleSwap.sol","s":{"1":70,"2":52,"3":51,"4":51,"5":51,"6":51,"7":51,"8":51,"9":49,"10":48,"11":48,"12":46,"13":46,"14":7,"15":5,"16":5,"17":5,"18":5,"19":5,"20":5,"21":4,"22":3,"23":3,"24":1,"25":1,"26":2,"27":2,"28":3,"29":7,"30":6,"31":6,"32":6,"33":6,"34":6,"35":6,"36":6,"37":6,"38":4,"39":3,"40":3,"41":3,"42":3,"43":17,"44":14,"45":9,"46":9,"47":3,"48":3,"49":11,"50":81,"51":18,"52":18,"53":51,"54":6,"55":6,"56":4,"57":2,"58":2,"59":48,"60":45,"61":47,"62":46,"63":3,"64":3,"65":2,"66":2,"67":4,"68":4,"69":4,"70":2,"71":1,"72":3,"73":3,"74":2,"75":2},"b":{"1":[4,66],"2":[52,1],"3":[26,25],"4":[23,23],"5":[7,1],"6":[2,5],"7":[1,1],"8":[1,4],"9":[1,3],"10":[1,2],"11":[7,2],"12":[1,6],"13":[2,4],"14":[1,3],"15":[1,2],"16":[3,14],"17":[5,9],"18":[4,1],"19":[1,2],"20":[1,80],"21":[36,44],"22":[6,12],"23":[45,6],"24":[4,2],"25":[1,3],"26":[1,1],"27":[45,3],"28":[1,44],"29":[1,46],"30":[3,1],"31":[1,2],"32":[1,1],"33":[4,1],"34":[2,2],"35":[1,1],"36":[1,2]},"f":{"1":70,"2":53,"3":52,"4":7,"5":7,"6":17,"7":3,"8":11,"9":81,"10":18,"11":51,"12":48,"13":3,"14":4},"fnMap":{"1":{"name":"checkDeadline","line":118,"loc":{"start":{"line":118,"column":4},"end":{"line":121,"column":4}}},"2":{"name":"constructor","line":132,"loc":{"start":{"line":130,"column":4},"end":{"line":132,"column":64}}},"3":{"name":"addLiquidity","line":166,"loc":{"start":{"line":154,"column":0},"end":{"line":223,"column":0}}},"4":{"name":"removeLiquidity","line":251,"loc":{"start":{"line":240,"column":0},"end":{"line":291,"column":0}}},"5":{"name":"swapExactTokensForTokens","line":310,"loc":{"start":{"line":304,"column":0},"end":{"line":345,"column":0}}},"6":{"name":"getAmountOut","line":361,"loc":{"start":{"line":361,"column":4},"end":{"line":372,"column":4}}},"7":{"name":"getPrice","line":382,"loc":{"start":{"line":382,"column":4},"end":{"line":392,"column":4}}},"8":{"name":"getReserves","line":399,"loc":{"start":{"line":399,"column":4},"end":{"line":404,"column":4}}},"9":{"name":"_sortTokens","line":415,"loc":{"start":{"line":415,"column":4},"end":{"line":423,"column":4}}},"10":{"name":"_getReservesByTokens","line":433,"loc":{"start":{"line":433,"column":4},"end":{"line":444,"column":4}}},"11":{"name":"_calculateOptimalAmounts","line":460,"loc":{"start":{"line":460,"column":4},"end":{"line":483,"column":4}}},"12":{"name":"_mintLiquidityTokens","line":498,"loc":{"start":{"line":498,"column":4},"end":{"line":523,"column":4}}},"13":{"name":"withdrawETH","line":542,"loc":{"start":{"line":542,"column":4},"end":{"line":547,"column":4}}},"14":{"name":"recoverERC20","line":558,"loc":{"start":{"line":558,"column":0},"end":{"line":582,"column":0}}}},"statementMap":{"1":{"start":{"line":119,"column":8},"end":{"line":119,"column":68}},"2":{"start":{"line":169,"column":4},"end":{"line":169,"column":52}},"3":{"start":{"line":170,"column":4},"end":{"line":170,"column":84}},"4":{"start":{"line":172,"column":4},"end":{"line":172,"column":36}},"5":{"start":{"line":173,"column":4},"end":{"line":173,"column":36}},"6":{"start":{"line":175,"column":4},"end":{"line":175,"column":21}},"7":{"start":{"line":176,"column":4},"end":{"line":176,"column":21}},"8":{"start":{"line":177,"column":4},"end":{"line":177,"column":8077}},"9":{"start":{"line":194,"column":4},"end":{"line":194,"column":70}},"10":{"start":{"line":195,"column":4},"end":{"line":195,"column":70}},"11":{"start":{"line":197,"column":4},"end":{"line":197,"column":46}},"12":{"start":{"line":207,"column":4},"end":{"line":207,"column":8815}},"13":{"start":{"line":215,"column":4},"end":{"line":215,"column":9048}},"14":{"start":{"line":254,"column":4},"end":{"line":254,"column":10623}},"15":{"start":{"line":257,"column":4},"end":{"line":257,"column":66}},"16":{"start":{"line":258,"column":4},"end":{"line":258,"column":56}},"17":{"start":{"line":260,"column":4},"end":{"line":260,"column":37}},"18":{"start":{"line":261,"column":4},"end":{"line":261,"column":37}},"19":{"start":{"line":262,"column":4},"end":{"line":262,"column":46}},"20":{"start":{"line":267,"column":4},"end":{"line":267,"column":70}},"21":{"start":{"line":268,"column":4},"end":{"line":268,"column":70}},"22":{"start":{"line":270,"column":4},"end":{"line":270,"column":31}},"23":{"start":{"line":275,"column":4},"end":{"line":275,"column":11354}},"24":{"start":{"line":276,"column":8},"end":{"line":276,"column":47}},"25":{"start":{"line":277,"column":8},"end":{"line":277,"column":47}},"26":{"start":{"line":279,"column":8},"end":{"line":279,"column":47}},"27":{"start":{"line":280,"column":8},"end":{"line":280,"column":47}},"28":{"start":{"line":283,"column":4},"end":{"line":283,"column":11611}},"29":{"start":{"line":311,"column":4},"end":{"line":311,"column":58}},"30":{"start":{"line":312,"column":4},"end":{"line":312,"column":29}},"31":{"start":{"line":313,"column":4},"end":{"line":313,"column":30}},"32":{"start":{"line":315,"column":4},"end":{"line":315,"column":55}},"33":{"start":{"line":316,"column":4},"end":{"line":316,"column":88}},"34":{"start":{"line":318,"column":4},"end":{"line":318,"column":22}},"35":{"start":{"line":319,"column":4},"end":{"line":319,"column":23}},"36":{"start":{"line":320,"column":4},"end":{"line":320,"column":13074}},"37":{"start":{"line":328,"column":4},"end":{"line":328,"column":71}},"38":{"start":{"line":329,"column":4},"end":{"line":329,"column":13400}},"39":{"start":{"line":332,"column":4},"end":{"line":332,"column":72}},"40":{"start":{"line":334,"column":4},"end":{"line":334,"column":13526}},"41":{"start":{"line":342,"column":4},"end":{"line":342,"column":47}},"42":{"start":{"line":344,"column":4},"end":{"line":344,"column":72}},"43":{"start":{"line":366,"column":8},"end":{"line":366,"column":63}},"44":{"start":{"line":367,"column":8},"end":{"line":367,"column":15012}},"45":{"start":{"line":369,"column":8},"end":{"line":369,"column":49}},"46":{"start":{"line":370,"column":8},"end":{"line":370,"column":50}},"47":{"start":{"line":386,"column":8},"end":{"line":386,"column":15866}},"48":{"start":{"line":390,"column":8},"end":{"line":390,"column":69}},"49":{"start":{"line":403,"column":8},"end":{"line":403,"column":53}},"50":{"start":{"line":419,"column":8},"end":{"line":419,"column":68}},"51":{"start":{"line":437,"column":8},"end":{"line":437,"column":59}},"52":{"start":{"line":438,"column":8},"end":{"line":438,"column":18114}},"53":{"start":{"line":468,"column":8},"end":{"line":468,"column":19669}},"54":{"start":{"line":471,"column":12},"end":{"line":471,"column":75}},"55":{"start":{"line":472,"column":12},"end":{"line":472,"column":19888}},"56":{"start":{"line":473,"column":16},"end":{"line":473,"column":19993}},"57":{"start":{"line":477,"column":16},"end":{"line":477,"column":79}},"58":{"start":{"line":478,"column":16},"end":{"line":478,"column":20282}},"59":{"start":{"line":506,"column":8},"end":{"line":506,"column":21643}},"60":{"start":{"line":509,"column":12},"end":{"line":509,"column":21843}},"61":{"start":{"line":519,"column":8},"end":{"line":519,"column":70}},"62":{"start":{"line":522,"column":8},"end":{"line":522,"column":27}},"63":{"start":{"line":543,"column":8},"end":{"line":543,"column":47}},"64":{"start":{"line":544,"column":8},"end":{"line":544,"column":62}},"65":{"start":{"line":545,"column":8},"end":{"line":545,"column":59}},"66":{"start":{"line":546,"column":8},"end":{"line":546,"column":60}},"67":{"start":{"line":559,"column":4},"end":{"line":559,"column":79}},"68":{"start":{"line":561,"column":4},"end":{"line":561,"column":28}},"69":{"start":{"line":562,"column":4},"end":{"line":562,"column":24533}},"70":{"start":{"line":564,"column":11},"end":{"line":564,"column":24615}},"71":{"start":{"line":570,"column":8},"end":{"line":570,"column":43}},"72":{"start":{"line":573,"column":4},"end":{"line":573,"column":74}},"73":{"start":{"line":575,"column":4},"end":{"line":575,"column":25103}},"74":{"start":{"line":579,"column":4},"end":{"line":579,"column":53}},"75":{"start":{"line":581,"column":4},"end":{"line":581,"column":56}}},"branchMap":{"1":{"line":119,"type":"if","locations":[{"start":{"line":119,"column":8},"end":{"line":119,"column":8}},{"start":{"line":119,"column":8},"end":{"line":119,"column":8}}]},"2":{"line":166,"type":"if","locations":[{"start":{"line":166,"column":4},"end":{"line":166,"column":4}},{"start":{"line":166,"column":4},"end":{"line":166,"column":4}}]},"3":{"line":177,"type":"if","locations":[{"start":{"line":177,"column":4},"end":{"line":177,"column":4}},{"start":{"line":177,"column":4},"end":{"line":177,"column":4}}]},"4":{"line":207,"type":"if","locations":[{"start":{"line":207,"column":4},"end":{"line":207,"column":4}},{"start":{"line":207,"column":4},"end":{"line":207,"column":4}}]},"5":{"line":251,"type":"if","locations":[{"start":{"line":251,"column":4},"end":{"line":251,"column":4}},{"start":{"line":251,"column":4},"end":{"line":251,"column":4}}]},"6":{"line":254,"type":"if","locations":[{"start":{"line":254,"column":4},"end":{"line":254,"column":4}},{"start":{"line":254,"column":4},"end":{"line":254,"column":4}}]},"7":{"line":254,"type":"cond-expr","locations":[{"start":{"line":254,"column":8},"end":{"line":254,"column":21}},{"start":{"line":254,"column":26},"end":{"line":254,"column":58}}]},"8":{"line":267,"type":"if","locations":[{"start":{"line":267,"column":4},"end":{"line":267,"column":4}},{"start":{"line":267,"column":4},"end":{"line":267,"column":4}}]},"9":{"line":268,"type":"if","locations":[{"start":{"line":268,"column":4},"end":{"line":268,"column":4}},{"start":{"line":268,"column":4},"end":{"line":268,"column":4}}]},"10":{"line":275,"type":"if","locations":[{"start":{"line":275,"column":4},"end":{"line":275,"column":4}},{"start":{"line":275,"column":4},"end":{"line":275,"column":4}}]},"11":{"line":310,"type":"if","locations":[{"start":{"line":310,"column":20},"end":{"line":310,"column":20}},{"start":{"line":310,"column":20},"end":{"line":310,"column":20}}]},"12":{"line":311,"type":"if","locations":[{"start":{"line":311,"column":4},"end":{"line":311,"column":4}},{"start":{"line":311,"column":4},"end":{"line":311,"column":4}}]},"13":{"line":320,"type":"if","locations":[{"start":{"line":320,"column":4},"end":{"line":320,"column":4}},{"start":{"line":320,"column":4},"end":{"line":320,"column":4}}]},"14":{"line":329,"type":"if","locations":[{"start":{"line":329,"column":4},"end":{"line":329,"column":4}},{"start":{"line":329,"column":4},"end":{"line":329,"column":4}}]},"15":{"line":334,"type":"if","locations":[{"start":{"line":334,"column":4},"end":{"line":334,"column":4}},{"start":{"line":334,"column":4},"end":{"line":334,"column":4}}]},"16":{"line":366,"type":"if","locations":[{"start":{"line":366,"column":8},"end":{"line":366,"column":8}},{"start":{"line":366,"column":8},"end":{"line":366,"column":8}}]},"17":{"line":367,"type":"if","locations":[{"start":{"line":367,"column":8},"end":{"line":367,"column":8}},{"start":{"line":367,"column":8},"end":{"line":367,"column":8}}]},"18":{"line":367,"type":"cond-expr","locations":[{"start":{"line":367,"column":12},"end":{"line":367,"column":25}},{"start":{"line":367,"column":30},"end":{"line":367,"column":44}}]},"19":{"line":390,"type":"if","locations":[{"start":{"line":390,"column":8},"end":{"line":390,"column":8}},{"start":{"line":390,"column":8},"end":{"line":390,"column":8}}]},"20":{"line":419,"type":"if","locations":[{"start":{"line":419,"column":8},"end":{"line":419,"column":8}},{"start":{"line":419,"column":8},"end":{"line":419,"column":8}}]},"21":{"line":421,"type":"if","locations":[{"start":{"line":421,"column":14},"end":{"line":421,"column":31}},{"start":{"line":422,"column":14},"end":{"line":422,"column":31}}]},"22":{"line":442,"type":"if","locations":[{"start":{"line":442,"column":14},"end":{"line":442,"column":43}},{"start":{"line":443,"column":14},"end":{"line":443,"column":43}}]},"23":{"line":468,"type":"if","locations":[{"start":{"line":468,"column":8},"end":{"line":468,"column":8}},{"start":{"line":468,"column":8},"end":{"line":468,"column":8}}]},"24":{"line":472,"type":"if","locations":[{"start":{"line":472,"column":12},"end":{"line":472,"column":12}},{"start":{"line":472,"column":12},"end":{"line":472,"column":12}}]},"25":{"line":473,"type":"if","locations":[{"start":{"line":473,"column":16},"end":{"line":473,"column":16}},{"start":{"line":473,"column":16},"end":{"line":473,"column":16}}]},"26":{"line":478,"type":"if","locations":[{"start":{"line":478,"column":16},"end":{"line":478,"column":16}},{"start":{"line":478,"column":16},"end":{"line":478,"column":16}}]},"27":{"line":506,"type":"if","locations":[{"start":{"line":506,"column":8},"end":{"line":506,"column":8}},{"start":{"line":506,"column":8},"end":{"line":506,"column":8}}]},"28":{"line":509,"type":"if","locations":[{"start":{"line":509,"column":12},"end":{"line":509,"column":12}},{"start":{"line":509,"column":12},"end":{"line":509,"column":12}}]},"29":{"line":519,"type":"if","locations":[{"start":{"line":519,"column":8},"end":{"line":519,"column":8}},{"start":{"line":519,"column":8},"end":{"line":519,"column":8}}]},"30":{"line":542,"type":"if","locations":[{"start":{"line":542,"column":36},"end":{"line":542,"column":36}},{"start":{"line":542,"column":36},"end":{"line":542,"column":36}}]},"31":{"line":544,"type":"if","locations":[{"start":{"line":544,"column":8},"end":{"line":544,"column":8}},{"start":{"line":544,"column":8},"end":{"line":544,"column":8}}]},"32":{"line":546,"type":"if","locations":[{"start":{"line":546,"column":8},"end":{"line":546,"column":8}},{"start":{"line":546,"column":8},"end":{"line":546,"column":8}}]},"33":{"line":558,"type":"if","locations":[{"start":{"line":558,"column":87},"end":{"line":558,"column":87}},{"start":{"line":558,"column":87},"end":{"line":558,"column":87}}]},"34":{"line":562,"type":"if","locations":[{"start":{"line":562,"column":4},"end":{"line":562,"column":4}},{"start":{"line":562,"column":4},"end":{"line":562,"column":4}}]},"35":{"line":564,"type":"if","locations":[{"start":{"line":564,"column":11},"end":{"line":564,"column":11}},{"start":{"line":564,"column":11},"end":{"line":564,"column":11}}]},"36":{"line":575,"type":"if","locations":[{"start":{"line":575,"column":4},"end":{"line":575,"column":4}},{"start":{"line":575,"column":4},"end":{"line":575,"column":4}}]}}},"contracts\\SuccessResponse.sol":{"l":{},"path":"F:\\SimpleSwapDApp\\hardhat\\contracts\\SuccessResponse.sol","s":{},"b":{},"f":{"1":1},"fnMap":{"1":{"name":"withdrawETH","line":20,"loc":{"start":{"line":20,"column":1},"end":{"line":21,"column":4}}}},"statementMap":{},"branchMap":{}}}