{
"contracts\\ISimpleSwap.sol":{"l":{},"path":"F:\\SimpleSwapDApp\\hardhat\\contracts\\ISimpleSwap.sol","s":{},"b":{},"f":{},"fnMap":{},"statementMap":{},"branchMap":{}},
"contracts\\MyTokenA.sol":{"l":{"22":16,"30":0},"path":"F:\\SimpleSwapDApp\\hardhat\\contracts\\MyTokenA.sol","s":{"1":16,"2":0},"b":{"1":[0,0]},"f":{"1":16,"2":0},"fnMap":{"1":{"name":"constructor","line":19,"loc":{"start":{"line":17,"column":4},"end":{"line":23,"column":4}}},"2":{"name":"mint","line":29,"loc":{"start":{"line":29,"column":4},"end":{"line":31,"column":4}}}},"statementMap":{"1":{"start":{"line":22,"column":8},"end":{"line":22,"column":53}},"2":{"start":{"line":30,"column":8},"end":{"line":30,"column":24}}},"branchMap":{"1":{"line":29,"type":"if","locations":[{"start":{"line":29,"column":53},"end":{"line":29,"column":53}},{"start":{"line":29,"column":53},"end":{"line":29,"column":53}}]}}},
"contracts\\MyTokenB.sol":{"l":{"23":16,"31":0},"path":"F:\\SimpleSwapDApp\\hardhat\\contracts\\MyTokenB.sol","s":{"1":16,"2":0},"b":{"1":[0,0]},"f":{"1":16,"2":0},"fnMap":{"1":{"name":"constructor","line":20,"loc":{"start":{"line":18,"column":4},"end":{"line":24,"column":4}}},"2":{"name":"mint","line":30,"loc":{"start":{"line":30,"column":4},"end":{"line":32,"column":4}}}},"statementMap":{"1":{"start":{"line":23,"column":8},"end":{"line":23,"column":53}},"2":{"start":{"line":31,"column":8},"end":{"line":31,"column":24}}},"branchMap":{"1":{"line":30,"type":"if","locations":[{"start":{"line":30,"column":53},"end":{"line":30,"column":53}},{"start":{"line":30,"column":53},"end":{"line":30,"column":53}}]}}},
"contracts\\SimpleSwap.sol":{"l":{"91":27,"92":27,"115":18,"116":17,"118":17,"120":15,"121":15,"123":15,"126":14,"128":14,"138":4,"141":3,"142":3,"145":3,"146":3,"148":3,"149":2,"151":1,"154":1,"156":1,"157":1,"159":1,"168":5,"169":4,"170":4,"173":4,"175":4,"176":2,"178":1,"181":1,"183":1,"185":1,"199":7,"200":6,"201":5,"202":5,"203":5,"213":2,"214":2,"215":2,"224":0,"237":43,"238":42,"247":27,"248":26,"249":26,"256":16,"257":16,"259":16,"261":16,"262":16,"271":17,"272":15,"274":2,"275":2,"276":1,"277":0,"279":1,"280":1,"281":0,"290":15,"292":15,"293":15,"296":14,"299":0,"300":0,"301":0,"304":14,"307":14,"319":0,"320":0,"321":0,"322":0,"328":0,"329":0,"330":0},"path":"F:\\SimpleSwapDApp\\hardhat\\contracts\\SimpleSwap.sol","s":{"1":27,"2":18,"3":17,"4":15,"5":15,"6":14,"7":14,"8":4,"9":3,"10":3,"11":3,"12":2,"13":1,"14":1,"15":1,"16":1,"17":1,"18":5,"19":4,"20":4,"21":4,"22":4,"23":2,"24":1,"25":1,"26":1,"27":1,"28":7,"29":6,"30":5,"31":5,"32":2,"33":2,"34":0,"35":43,"36":27,"37":26,"38":16,"39":16,"40":16,"41":17,"42":2,"43":2,"44":1,"45":1,"46":1,"47":15,"48":15,"49":0,"50":0,"51":14,"52":14,"53":0,"54":0,"55":0,"56":0,"57":0,"58":0,"59":0},"b":{"1":[0,27],"2":[18,0],"3":[4,0],"4":[1,3],"5":[1,0],"6":[1,2],"7":[1,1],"8":[5,0],"9":[1,4],"10":[1,1],"11":[1,6],"12":[1,5],"13":[1,0],"14":[0,2],"15":[1,42],"16":[24,18],"17":[15,11],"18":[9,7],"19":[15,2],"20":[1,1],"21":[1,0],"22":[1,0],"23":[15,0],"24":[1,14],"25":[0,0],"26":[0,14],"27":[0,0],"28":[0,0],"29":[0,0],"30":[0,0],"31":[0,0]},"f":{"1":27,"2":17,"3":18,"4":4,"5":5,"6":7,"7":2,"8":0,"9":43,"10":27,"11":16,"12":17,"13":15,"14":0,"15":0},"fnMap":{"1":{"name":"checkDeadline","line":90,"loc":{"start":{"line":90,"column":4},"end":{"line":93,"column":4}}},"2":{"name":"constructor","line":101,"loc":{"start":{"line":101,"column":4},"end":{"line":101,"column":96}}},"3":{"name":"addLiquidity","line":111,"loc":{"start":{"line":108,"column":4},"end":{"line":129,"column":4}}},"4":{"name":"removeLiquidity","line":135,"loc":{"start":{"line":132,"column":4},"end":{"line":160,"column":4}}},"5":{"name":"swapExactTokensForTokens","line":166,"loc":{"start":{"line":163,"column":4},"end":{"line":186,"column":4}}},"6":{"name":"getAmountOut","line":193,"loc":{"start":{"line":193,"column":4},"end":{"line":204,"column":4}}},"7":{"name":"getPrice","line":207,"loc":{"start":{"line":207,"column":4},"end":{"line":216,"column":4}}},"8":{"name":"getReserves","line":223,"loc":{"start":{"line":223,"column":4},"end":{"line":225,"column":4}}},"9":{"name":"_sortTokens","line":236,"loc":{"start":{"line":236,"column":4},"end":{"line":239,"column":4}}},"10":{"name":"_getReservesByTokens","line":242,"loc":{"start":{"line":242,"column":4},"end":{"line":252,"column":4}}},"11":{"name":"_updateReserves","line":255,"loc":{"start":{"line":255,"column":4},"end":{"line":263,"column":4}}},"12":{"name":"_calculateOptimalAmounts","line":266,"loc":{"start":{"line":266,"column":4},"end":{"line":284,"column":4}}},"13":{"name":"_mintLiquidityTokens","line":287,"loc":{"start":{"line":287,"column":4},"end":{"line":308,"column":4}}},"14":{"name":"withdrawETH","line":318,"loc":{"start":{"line":318,"column":4},"end":{"line":323,"column":4}}},"15":{"name":"recoverERC20","line":327,"loc":{"start":{"line":327,"column":4},"end":{"line":331,"column":4}}}},"statementMap":{"1":{"start":{"line":91,"column":8},"end":{"line":91,"column":68}},"2":{"start":{"line":115,"column":8},"end":{"line":115,"column":85}},"3":{"start":{"line":116,"column":8},"end":{"line":116,"column":50}},"4":{"start":{"line":120,"column":8},"end":{"line":120,"column":74}},"5":{"start":{"line":121,"column":8},"end":{"line":121,"column":74}},"6":{"start":{"line":126,"column":8},"end":{"line":126,"column":72}},"7":{"start":{"line":128,"column":8},"end":{"line":128,"column":84}},"8":{"start":{"line":138,"column":8},"end":{"line":138,"column":102}},"9":{"start":{"line":141,"column":8},"end":{"line":141,"column":85}},"10":{"start":{"line":142,"column":8},"end":{"line":142,"column":50}},"11":{"start":{"line":148,"column":8},"end":{"line":148,"column":74}},"12":{"start":{"line":149,"column":8},"end":{"line":149,"column":74}},"13":{"start":{"line":151,"column":8},"end":{"line":151,"column":35}},"14":{"start":{"line":154,"column":8},"end":{"line":154,"column":74}},"15":{"start":{"line":156,"column":8},"end":{"line":156,"column":47}},"16":{"start":{"line":157,"column":8},"end":{"line":157,"column":47}},"17":{"start":{"line":159,"column":8},"end":{"line":159,"column":86}},"18":{"start":{"line":168,"column":8},"end":{"line":168,"column":62}},"19":{"start":{"line":169,"column":8},"end":{"line":169,"column":33}},"20":{"start":{"line":170,"column":8},"end":{"line":170,"column":34}},"21":{"start":{"line":173,"column":8},"end":{"line":173,"column":89}},"22":{"start":{"line":175,"column":8},"end":{"line":175,"column":73}},"23":{"start":{"line":176,"column":8},"end":{"line":176,"column":83}},"24":{"start":{"line":178,"column":8},"end":{"line":178,"column":76}},"25":{"start":{"line":181,"column":8},"end":{"line":181,"column":79}},"26":{"start":{"line":183,"column":8},"end":{"line":183,"column":51}},"27":{"start":{"line":185,"column":8},"end":{"line":185,"column":76}},"28":{"start":{"line":199,"column":8},"end":{"line":199,"column":63}},"29":{"start":{"line":200,"column":8},"end":{"line":200,"column":89}},"30":{"start":{"line":201,"column":8},"end":{"line":201,"column":49}},"31":{"start":{"line":202,"column":8},"end":{"line":202,"column":50}},"32":{"start":{"line":213,"column":8},"end":{"line":213,"column":83}},"33":{"start":{"line":214,"column":8},"end":{"line":214,"column":69}},"34":{"start":{"line":224,"column":8},"end":{"line":224,"column":53}},"35":{"start":{"line":237,"column":8},"end":{"line":237,"column":68}},"36":{"start":{"line":247,"column":8},"end":{"line":247,"column":59}},"37":{"start":{"line":248,"column":8},"end":{"line":248,"column":93}},"38":{"start":{"line":256,"column":8},"end":{"line":256,"column":74}},"39":{"start":{"line":257,"column":8},"end":{"line":257,"column":62}},"40":{"start":{"line":259,"column":8},"end":{"line":259,"column":131}},"41":{"start":{"line":271,"column":8},"end":{"line":271,"column":13089}},"42":{"start":{"line":274,"column":12},"end":{"line":274,"column":75}},"43":{"start":{"line":275,"column":12},"end":{"line":275,"column":13308}},"44":{"start":{"line":276,"column":16},"end":{"line":276,"column":89}},"45":{"start":{"line":279,"column":16},"end":{"line":279,"column":79}},"46":{"start":{"line":280,"column":16},"end":{"line":280,"column":89}},"47":{"start":{"line":290,"column":8},"end":{"line":290,"column":14090}},"48":{"start":{"line":293,"column":12},"end":{"line":293,"column":89}},"49":{"start":{"line":299,"column":12},"end":{"line":299,"column":74}},"50":{"start":{"line":300,"column":12},"end":{"line":300,"column":74}},"51":{"start":{"line":304,"column":8},"end":{"line":304,"column":70}},"52":{"start":{"line":307,"column":8},"end":{"line":307,"column":27}},"53":{"start":{"line":319,"column":8},"end":{"line":319,"column":47}},"54":{"start":{"line":320,"column":8},"end":{"line":320,"column":62}},"55":{"start":{"line":321,"column":8},"end":{"line":321,"column":59}},"56":{"start":{"line":322,"column":8},"end":{"line":322,"column":60}},"57":{"start":{"line":328,"column":8},"end":{"line":328,"column":76}},"58":{"start":{"line":329,"column":8},"end":{"line":329,"column":69}},"59":{"start":{"line":330,"column":8},"end":{"line":330,"column":63}}},"branchMap":{"1":{"line":91,"type":"if","locations":[{"start":{"line":91,"column":8},"end":{"line":91,"column":8}},{"start":{"line":91,"column":8},"end":{"line":91,"column":8}}]},"2":{"line":111,"type":"if","locations":[{"start":{"line":111,"column":8},"end":{"line":111,"column":8}},{"start":{"line":111,"column":8},"end":{"line":111,"column":8}}]},"3":{"line":135,"type":"if","locations":[{"start":{"line":135,"column":8},"end":{"line":135,"column":8}},{"start":{"line":135,"column":8},"end":{"line":135,"column":8}}]},"4":{"line":138,"type":"if","locations":[{"start":{"line":138,"column":8},"end":{"line":138,"column":8}},{"start":{"line":138,"column":8},"end":{"line":138,"column":8}}]},"5":{"line":138,"type":"cond-expr","locations":[{"start":{"line":138,"column":12},"end":{"line":138,"column":25}},{"start":{"line":138,"column":30},"end":{"line":138,"column":62}}]},"6":{"line":148,"type":"if","locations":[{"start":{"line":148,"column":8},"end":{"line":148,"column":8}},{"start":{"line":148,"column":8},"end":{"line":148,"column":8}}]},"7":{"line":149,"type":"if","locations":[{"start":{"line":149,"column":8},"end":{"line":149,"column":8}},{"start":{"line":149,"column":8},"end":{"line":149,"column":8}}]},"8":{"line":166,"type":"if","locations":[{"start":{"line":166,"column":8},"end":{"line":166,"column":8}},{"start":{"line":166,"column":8},"end":{"line":166,"column":8}}]},"9":{"line":168,"type":"if","locations":[{"start":{"line":168,"column":8},"end":{"line":168,"column":8}},{"start":{"line":168,"column":8},"end":{"line":168,"column":8}}]},"10":{"line":176,"type":"if","locations":[{"start":{"line":176,"column":8},"end":{"line":176,"column":8}},{"start":{"line":176,"column":8},"end":{"line":176,"column":8}}]},"11":{"line":199,"type":"if","locations":[{"start":{"line":199,"column":8},"end":{"line":199,"column":8}},{"start":{"line":199,"column":8},"end":{"line":199,"column":8}}]},"12":{"line":200,"type":"if","locations":[{"start":{"line":200,"column":8},"end":{"line":200,"column":8}},{"start":{"line":200,"column":8},"end":{"line":200,"column":8}}]},"13":{"line":200,"type":"cond-expr","locations":[{"start":{"line":200,"column":12},"end":{"line":200,"column":25}},{"start":{"line":200,"column":30},"end":{"line":200,"column":44}}]},"14":{"line":214,"type":"if","locations":[{"start":{"line":214,"column":8},"end":{"line":214,"column":8}},{"start":{"line":214,"column":8},"end":{"line":214,"column":8}}]},"15":{"line":237,"type":"if","locations":[{"start":{"line":237,"column":8},"end":{"line":237,"column":8}},{"start":{"line":237,"column":8},"end":{"line":237,"column":8}}]},"16":{"line":238,"type":"if","locations":[{"start":{"line":238,"column":47},"end":{"line":238,"column":64}},{"start":{"line":238,"column":68},"end":{"line":238,"column":85}}]},"17":{"line":250,"type":"if","locations":[{"start":{"line":250,"column":14},"end":{"line":250,"column":43}},{"start":{"line":251,"column":14},"end":{"line":251,"column":43}}]},"18":{"line":259,"type":"if","locations":[{"start":{"line":259,"column":64},"end":{"line":259,"column":95}},{"start":{"line":259,"column":99},"end":{"line":259,"column":130}}]},"19":{"line":271,"type":"if","locations":[{"start":{"line":271,"column":8},"end":{"line":271,"column":8}},{"start":{"line":271,"column":8},"end":{"line":271,"column":8}}]},"20":{"line":275,"type":"if","locations":[{"start":{"line":275,"column":12},"end":{"line":275,"column":12}},{"start":{"line":275,"column":12},"end":{"line":275,"column":12}}]},"21":{"line":276,"type":"if","locations":[{"start":{"line":276,"column":16},"end":{"line":276,"column":16}},{"start":{"line":276,"column":16},"end":{"line":276,"column":16}}]},"22":{"line":280,"type":"if","locations":[{"start":{"line":280,"column":16},"end":{"line":280,"column":16}},{"start":{"line":280,"column":16},"end":{"line":280,"column":16}}]},"23":{"line":290,"type":"if","locations":[{"start":{"line":290,"column":8},"end":{"line":290,"column":8}},{"start":{"line":290,"column":8},"end":{"line":290,"column":8}}]},"24":{"line":293,"type":"if","locations":[{"start":{"line":293,"column":12},"end":{"line":293,"column":12}},{"start":{"line":293,"column":12},"end":{"line":293,"column":12}}]},"25":{"line":301,"type":"if","locations":[{"start":{"line":301,"column":50},"end":{"line":301,"column":59}},{"start":{"line":301,"column":63},"end":{"line":301,"column":72}}]},"26":{"line":304,"type":"if","locations":[{"start":{"line":304,"column":8},"end":{"line":304,"column":8}},{"start":{"line":304,"column":8},"end":{"line":304,"column":8}}]},"27":{"line":318,"type":"if","locations":[{"start":{"line":318,"column":36},"end":{"line":318,"column":36}},{"start":{"line":318,"column":36},"end":{"line":318,"column":36}}]},"28":{"line":320,"type":"if","locations":[{"start":{"line":320,"column":8},"end":{"line":320,"column":8}},{"start":{"line":320,"column":8},"end":{"line":320,"column":8}}]},"29":{"line":322,"type":"if","locations":[{"start":{"line":322,"column":8},"end":{"line":322,"column":8}},{"start":{"line":322,"column":8},"end":{"line":322,"column":8}}]},"30":{"line":327,"type":"if","locations":[{"start":{"line":327,"column":57},"end":{"line":327,"column":57}},{"start":{"line":327,"column":57},"end":{"line":327,"column":57}}]},"31":{"line":329,"type":"if","locations":[{"start":{"line":329,"column":8},"end":{"line":329,"column":8}},{"start":{"line":329,"column":8},"end":{"line":329,"column":8}}]}}}}
