{
"contracts\\ContractsMaliciousReceiver.sol":{"l":{"7":1,"11":2,"15":2,"16":1},"path":"F:\\SimpleSwapDApp\\hardhat\\contracts\\ContractsMaliciousReceiver.sol","s":{"1":2,"2":2},"b":{"1":[1,1]},"f":{"1":2},"fnMap":{"1":{"name":"executeWithdraw","line":10,"loc":{"start":{"line":10,"column":4},"end":{"line":20,"column":4}}}},"statementMap":{"1":{"start":{"line":11,"column":8},"end":{"line":11,"column":290}},"2":{"start":{"line":15,"column":8},"end":{"line":15,"column":432}}},"branchMap":{"1":{"line":15,"type":"if","locations":[{"start":{"line":15,"column":8},"end":{"line":15,"column":8}},{"start":{"line":15,"column":8},"end":{"line":15,"column":8}}]}}},
"contracts\\ISimpleSwap.sol":{"l":{},"path":"F:\\SimpleSwapDApp\\hardhat\\contracts\\ISimpleSwap.sol","s":{},"b":{},"f":{},"fnMap":{},"statementMap":{},"branchMap":{}},
"contracts\\MyTokenA.sol":{"l":{"40":48,"48":1,"58":5,"64":4,"67":4},"path":"F:\\SimpleSwapDApp\\hardhat\\contracts\\MyTokenA.sol","s":{"1":48,"2":1,"3":5,"4":4},"b":{"1":[1,1],"2":[4,1]},"f":{"1":48,"2":1,"3":5},"fnMap":{"1":{"name":"constructor","line":38,"loc":{"start":{"line":35,"column":4},"end":{"line":41,"column":4}}},"2":{"name":"mint","line":47,"loc":{"start":{"line":47,"column":4},"end":{"line":49,"column":4}}},"3":{"name":"faucet","line":57,"loc":{"start":{"line":57,"column":4},"end":{"line":68,"column":4}}}},"statementMap":{"1":{"start":{"line":40,"column":8},"end":{"line":40,"column":55}},"2":{"start":{"line":48,"column":8},"end":{"line":48,"column":24}},"3":{"start":{"line":58,"column":8},"end":{"line":58,"column":2844}},"4":{"start":{"line":67,"column":8},"end":{"line":67,"column":38}}},"branchMap":{"1":{"line":47,"type":"if","locations":[{"start":{"line":47,"column":53},"end":{"line":47,"column":53}},{"start":{"line":47,"column":53},"end":{"line":47,"column":53}}]},"2":{"line":58,"type":"if","locations":[{"start":{"line":58,"column":8},"end":{"line":58,"column":8}},{"start":{"line":58,"column":8},"end":{"line":58,"column":8}}]}}},
"contracts\\MyTokenB.sol":{"l":{"41":47,"49":1,"59":5,"65":4,"68":4},"path":"F:\\SimpleSwapDApp\\hardhat\\contracts\\MyTokenB.sol","s":{"1":47,"2":1,"3":5,"4":4},"b":{"1":[1,1],"2":[4,1]},"f":{"1":47,"2":1,"3":5},"fnMap":{"1":{"name":"constructor","line":39,"loc":{"start":{"line":36,"column":4},"end":{"line":42,"column":4}}},"2":{"name":"mint","line":48,"loc":{"start":{"line":48,"column":4},"end":{"line":50,"column":4}}},"3":{"name":"faucet","line":58,"loc":{"start":{"line":58,"column":4},"end":{"line":69,"column":4}}}},"statementMap":{"1":{"start":{"line":41,"column":8},"end":{"line":41,"column":55}},"2":{"start":{"line":49,"column":8},"end":{"line":49,"column":24}},"3":{"start":{"line":59,"column":8},"end":{"line":59,"column":2840}},"4":{"start":{"line":68,"column":8},"end":{"line":68,"column":38}}},"branchMap":{"1":{"line":48,"type":"if","locations":[{"start":{"line":48,"column":53},"end":{"line":48,"column":53}},{"start":{"line":48,"column":53},"end":{"line":48,"column":53}}]},"2":{"line":59,"type":"if","locations":[{"start":{"line":59,"column":8},"end":{"line":59,"column":8}},{"start":{"line":59,"column":8},"end":{"line":59,"column":8}}]}}},
"contracts\\SimpleSwap.sol":{"l":{"119":61,"120":57,"167":47,"171":46,"173":46,"182":44,"183":43,"185":43,"195":41,"197":41,"233":5,"234":2,"237":3,"241":3,"243":3,"244":3,"246":3,"247":2,"249":1,"252":1,"254":1,"255":1,"257":1,"281":5,"282":4,"283":4,"286":4,"291":4,"292":2,"293":1,"295":1,"298":1,"305":1,"307":1,"329":13,"330":10,"331":5,"332":5,"333":5,"334":5,"349":3,"353":3,"354":2,"366":8,"382":112,"383":111,"400":69,"401":68,"404":68,"424":43,"425":43,"427":43,"431":43,"432":43,"457":46,"458":40,"460":6,"461":6,"462":4,"463":1,"464":3,"466":2,"467":2,"468":1,"469":1,"495":43,"497":40,"498":40,"499":1,"502":39,"505":3,"506":3,"507":3,"510":42,"513":41,"534":3,"535":3,"536":2,"537":2,"550":4,"552":4,"553":4,"554":2,"556":1,"561":1,"564":3,"566":3,"567":1,"570":2,"572":2},"path":"F:\\SimpleSwapDApp\\hardhat\\contracts\\SimpleSwap.sol","s":{"1":61,"2":47,"3":46,"4":44,"5":43,"6":41,"7":41,"8":5,"9":3,"10":3,"11":3,"12":2,"13":1,"14":1,"15":1,"16":1,"17":1,"18":5,"19":4,"20":4,"21":4,"22":4,"23":2,"24":1,"25":1,"26":1,"27":1,"28":13,"29":10,"30":5,"31":5,"32":3,"33":3,"34":8,"35":112,"36":69,"37":68,"38":43,"39":43,"40":43,"41":46,"42":6,"43":6,"44":4,"45":2,"46":2,"47":43,"48":40,"49":3,"50":3,"51":42,"52":41,"53":3,"54":3,"55":2,"56":2,"57":4,"58":4,"59":4,"60":2,"61":1,"62":3,"63":3,"64":2,"65":2},"b":{"1":[4,57],"2":[47,1],"3":[5,1],"4":[2,3],"5":[1,1],"6":[1,2],"7":[1,1],"8":[5,2],"9":[1,4],"10":[1,1],"11":[3,10],"12":[5,5],"13":[4,1],"14":[1,2],"15":[1,111],"16":[63,48],"17":[39,29],"18":[24,19],"19":[40,6],"20":[4,2],"21":[1,3],"22":[1,1],"23":[40,3],"24":[1,39],"25":[0,3],"26":[1,41],"27":[3,1],"28":[1,2],"29":[1,1],"30":[4,1],"31":[2,2],"32":[1,1],"33":[1,2]},"f":{"1":61,"2":48,"3":47,"4":5,"5":5,"6":13,"7":3,"8":8,"9":112,"10":69,"11":43,"12":46,"13":43,"14":3,"15":4},"fnMap":{"1":{"name":"checkDeadline","line":118,"loc":{"start":{"line":118,"column":4},"end":{"line":121,"column":4}}},"2":{"name":"constructor","line":132,"loc":{"start":{"line":130,"column":4},"end":{"line":132,"column":64}}},"3":{"name":"addLiquidity","line":163,"loc":{"start":{"line":151,"column":4},"end":{"line":205,"column":4}}},"4":{"name":"removeLiquidity","line":230,"loc":{"start":{"line":219,"column":4},"end":{"line":265,"column":4}}},"5":{"name":"swapExactTokensForTokens","line":280,"loc":{"start":{"line":274,"column":4},"end":{"line":308,"column":4}}},"6":{"name":"getAmountOut","line":324,"loc":{"start":{"line":324,"column":4},"end":{"line":335,"column":4}}},"7":{"name":"getPrice","line":345,"loc":{"start":{"line":345,"column":4},"end":{"line":355,"column":4}}},"8":{"name":"getReserves","line":362,"loc":{"start":{"line":362,"column":4},"end":{"line":367,"column":4}}},"9":{"name":"_sortTokens","line":378,"loc":{"start":{"line":378,"column":4},"end":{"line":386,"column":4}}},"10":{"name":"_getReservesByTokens","line":396,"loc":{"start":{"line":396,"column":4},"end":{"line":407,"column":4}}},"11":{"name":"_updateReserves","line":418,"loc":{"start":{"line":418,"column":4},"end":{"line":433,"column":4}}},"12":{"name":"_calculateOptimalAmounts","line":449,"loc":{"start":{"line":449,"column":4},"end":{"line":472,"column":4}}},"13":{"name":"_mintLiquidityTokens","line":487,"loc":{"start":{"line":487,"column":4},"end":{"line":514,"column":4}}},"14":{"name":"withdrawETH","line":533,"loc":{"start":{"line":533,"column":4},"end":{"line":538,"column":4}}},"15":{"name":"recoverERC20","line":549,"loc":{"start":{"line":549,"column":0},"end":{"line":573,"column":0}}}},"statementMap":{"1":{"start":{"line":119,"column":8},"end":{"line":119,"column":68}},"2":{"start":{"line":167,"column":8},"end":{"line":167,"column":7780}},"3":{"start":{"line":171,"column":8},"end":{"line":171,"column":50}},"4":{"start":{"line":182,"column":8},"end":{"line":182,"column":74}},"5":{"start":{"line":183,"column":8},"end":{"line":183,"column":74}},"6":{"start":{"line":195,"column":8},"end":{"line":195,"column":72}},"7":{"start":{"line":197,"column":8},"end":{"line":197,"column":8682}},"8":{"start":{"line":233,"column":8},"end":{"line":233,"column":10146}},"9":{"start":{"line":237,"column":8},"end":{"line":237,"column":10287}},"10":{"start":{"line":241,"column":8},"end":{"line":241,"column":50}},"11":{"start":{"line":246,"column":8},"end":{"line":246,"column":74}},"12":{"start":{"line":247,"column":8},"end":{"line":247,"column":74}},"13":{"start":{"line":249,"column":8},"end":{"line":249,"column":35}},"14":{"start":{"line":252,"column":8},"end":{"line":252,"column":74}},"15":{"start":{"line":254,"column":8},"end":{"line":254,"column":47}},"16":{"start":{"line":255,"column":8},"end":{"line":255,"column":47}},"17":{"start":{"line":257,"column":8},"end":{"line":257,"column":11039}},"18":{"start":{"line":281,"column":8},"end":{"line":281,"column":62}},"19":{"start":{"line":282,"column":8},"end":{"line":282,"column":33}},"20":{"start":{"line":283,"column":8},"end":{"line":283,"column":34}},"21":{"start":{"line":286,"column":8},"end":{"line":286,"column":12252}},"22":{"start":{"line":291,"column":8},"end":{"line":291,"column":73}},"23":{"start":{"line":292,"column":8},"end":{"line":292,"column":12507}},"24":{"start":{"line":295,"column":8},"end":{"line":295,"column":76}},"25":{"start":{"line":298,"column":8},"end":{"line":298,"column":12679}},"26":{"start":{"line":305,"column":8},"end":{"line":305,"column":51}},"27":{"start":{"line":307,"column":8},"end":{"line":307,"column":76}},"28":{"start":{"line":329,"column":8},"end":{"line":329,"column":63}},"29":{"start":{"line":330,"column":8},"end":{"line":330,"column":14068}},"30":{"start":{"line":332,"column":8},"end":{"line":332,"column":49}},"31":{"start":{"line":333,"column":8},"end":{"line":333,"column":50}},"32":{"start":{"line":349,"column":8},"end":{"line":349,"column":14922}},"33":{"start":{"line":353,"column":8},"end":{"line":353,"column":69}},"34":{"start":{"line":366,"column":8},"end":{"line":366,"column":53}},"35":{"start":{"line":382,"column":8},"end":{"line":382,"column":68}},"36":{"start":{"line":400,"column":8},"end":{"line":400,"column":59}},"37":{"start":{"line":401,"column":8},"end":{"line":401,"column":17170}},"38":{"start":{"line":424,"column":8},"end":{"line":424,"column":74}},"39":{"start":{"line":425,"column":8},"end":{"line":425,"column":62}},"40":{"start":{"line":427,"column":8},"end":{"line":427,"column":18417}},"41":{"start":{"line":457,"column":8},"end":{"line":457,"column":19967}},"42":{"start":{"line":460,"column":12},"end":{"line":460,"column":75}},"43":{"start":{"line":461,"column":12},"end":{"line":461,"column":20186}},"44":{"start":{"line":462,"column":16},"end":{"line":462,"column":20291}},"45":{"start":{"line":466,"column":16},"end":{"line":466,"column":79}},"46":{"start":{"line":467,"column":16},"end":{"line":467,"column":20580}},"47":{"start":{"line":495,"column":8},"end":{"line":495,"column":21941}},"48":{"start":{"line":498,"column":12},"end":{"line":498,"column":22141}},"49":{"start":{"line":505,"column":12},"end":{"line":505,"column":74}},"50":{"start":{"line":506,"column":12},"end":{"line":506,"column":74}},"51":{"start":{"line":510,"column":8},"end":{"line":510,"column":70}},"52":{"start":{"line":513,"column":8},"end":{"line":513,"column":27}},"53":{"start":{"line":534,"column":8},"end":{"line":534,"column":47}},"54":{"start":{"line":535,"column":8},"end":{"line":535,"column":62}},"55":{"start":{"line":536,"column":8},"end":{"line":536,"column":59}},"56":{"start":{"line":537,"column":8},"end":{"line":537,"column":60}},"57":{"start":{"line":550,"column":4},"end":{"line":550,"column":79}},"58":{"start":{"line":552,"column":4},"end":{"line":552,"column":28}},"59":{"start":{"line":553,"column":4},"end":{"line":553,"column":24973}},"60":{"start":{"line":555,"column":11},"end":{"line":555,"column":25055}},"61":{"start":{"line":561,"column":8},"end":{"line":561,"column":43}},"62":{"start":{"line":564,"column":4},"end":{"line":564,"column":74}},"63":{"start":{"line":566,"column":4},"end":{"line":566,"column":25543}},"64":{"start":{"line":570,"column":4},"end":{"line":570,"column":53}},"65":{"start":{"line":572,"column":4},"end":{"line":572,"column":56}}},"branchMap":{"1":{"line":119,"type":"if","locations":[{"start":{"line":119,"column":8},"end":{"line":119,"column":8}},{"start":{"line":119,"column":8},"end":{"line":119,"column":8}}]},"2":{"line":163,"type":"if","locations":[{"start":{"line":163,"column":8},"end":{"line":163,"column":8}},{"start":{"line":163,"column":8},"end":{"line":163,"column":8}}]},"3":{"line":230,"type":"if","locations":[{"start":{"line":230,"column":8},"end":{"line":230,"column":8}},{"start":{"line":230,"column":8},"end":{"line":230,"column":8}}]},"4":{"line":233,"type":"if","locations":[{"start":{"line":233,"column":8},"end":{"line":233,"column":8}},{"start":{"line":233,"column":8},"end":{"line":233,"column":8}}]},"5":{"line":233,"type":"cond-expr","locations":[{"start":{"line":233,"column":12},"end":{"line":233,"column":25}},{"start":{"line":233,"column":30},"end":{"line":233,"column":62}}]},"6":{"line":246,"type":"if","locations":[{"start":{"line":246,"column":8},"end":{"line":246,"column":8}},{"start":{"line":246,"column":8},"end":{"line":246,"column":8}}]},"7":{"line":247,"type":"if","locations":[{"start":{"line":247,"column":8},"end":{"line":247,"column":8}},{"start":{"line":247,"column":8},"end":{"line":247,"column":8}}]},"8":{"line":280,"type":"if","locations":[{"start":{"line":280,"column":24},"end":{"line":280,"column":24}},{"start":{"line":280,"column":24},"end":{"line":280,"column":24}}]},"9":{"line":281,"type":"if","locations":[{"start":{"line":281,"column":8},"end":{"line":281,"column":8}},{"start":{"line":281,"column":8},"end":{"line":281,"column":8}}]},"10":{"line":292,"type":"if","locations":[{"start":{"line":292,"column":8},"end":{"line":292,"column":8}},{"start":{"line":292,"column":8},"end":{"line":292,"column":8}}]},"11":{"line":329,"type":"if","locations":[{"start":{"line":329,"column":8},"end":{"line":329,"column":8}},{"start":{"line":329,"column":8},"end":{"line":329,"column":8}}]},"12":{"line":330,"type":"if","locations":[{"start":{"line":330,"column":8},"end":{"line":330,"column":8}},{"start":{"line":330,"column":8},"end":{"line":330,"column":8}}]},"13":{"line":330,"type":"cond-expr","locations":[{"start":{"line":330,"column":12},"end":{"line":330,"column":25}},{"start":{"line":330,"column":30},"end":{"line":330,"column":44}}]},"14":{"line":353,"type":"if","locations":[{"start":{"line":353,"column":8},"end":{"line":353,"column":8}},{"start":{"line":353,"column":8},"end":{"line":353,"column":8}}]},"15":{"line":382,"type":"if","locations":[{"start":{"line":382,"column":8},"end":{"line":382,"column":8}},{"start":{"line":382,"column":8},"end":{"line":382,"column":8}}]},"16":{"line":384,"type":"if","locations":[{"start":{"line":384,"column":14},"end":{"line":384,"column":31}},{"start":{"line":385,"column":14},"end":{"line":385,"column":31}}]},"17":{"line":405,"type":"if","locations":[{"start":{"line":405,"column":14},"end":{"line":405,"column":43}},{"start":{"line":406,"column":14},"end":{"line":406,"column":43}}]},"18":{"line":428,"type":"if","locations":[{"start":{"line":428,"column":14},"end":{"line":428,"column":45}},{"start":{"line":429,"column":14},"end":{"line":429,"column":45}}]},"19":{"line":457,"type":"if","locations":[{"start":{"line":457,"column":8},"end":{"line":457,"column":8}},{"start":{"line":457,"column":8},"end":{"line":457,"column":8}}]},"20":{"line":461,"type":"if","locations":[{"start":{"line":461,"column":12},"end":{"line":461,"column":12}},{"start":{"line":461,"column":12},"end":{"line":461,"column":12}}]},"21":{"line":462,"type":"if","locations":[{"start":{"line":462,"column":16},"end":{"line":462,"column":16}},{"start":{"line":462,"column":16},"end":{"line":462,"column":16}}]},"22":{"line":467,"type":"if","locations":[{"start":{"line":467,"column":16},"end":{"line":467,"column":16}},{"start":{"line":467,"column":16},"end":{"line":467,"column":16}}]},"23":{"line":495,"type":"if","locations":[{"start":{"line":495,"column":8},"end":{"line":495,"column":8}},{"start":{"line":495,"column":8},"end":{"line":495,"column":8}}]},"24":{"line":498,"type":"if","locations":[{"start":{"line":498,"column":12},"end":{"line":498,"column":12}},{"start":{"line":498,"column":12},"end":{"line":498,"column":12}}]},"25":{"line":507,"type":"if","locations":[{"start":{"line":507,"column":50},"end":{"line":507,"column":59}},{"start":{"line":507,"column":63},"end":{"line":507,"column":72}}]},"26":{"line":510,"type":"if","locations":[{"start":{"line":510,"column":8},"end":{"line":510,"column":8}},{"start":{"line":510,"column":8},"end":{"line":510,"column":8}}]},"27":{"line":533,"type":"if","locations":[{"start":{"line":533,"column":36},"end":{"line":533,"column":36}},{"start":{"line":533,"column":36},"end":{"line":533,"column":36}}]},"28":{"line":535,"type":"if","locations":[{"start":{"line":535,"column":8},"end":{"line":535,"column":8}},{"start":{"line":535,"column":8},"end":{"line":535,"column":8}}]},"29":{"line":537,"type":"if","locations":[{"start":{"line":537,"column":8},"end":{"line":537,"column":8}},{"start":{"line":537,"column":8},"end":{"line":537,"column":8}}]},"30":{"line":549,"type":"if","locations":[{"start":{"line":549,"column":87},"end":{"line":549,"column":87}},{"start":{"line":549,"column":87},"end":{"line":549,"column":87}}]},"31":{"line":553,"type":"if","locations":[{"start":{"line":553,"column":4},"end":{"line":553,"column":4}},{"start":{"line":553,"column":4},"end":{"line":553,"column":4}}]},"32":{"line":555,"type":"if","locations":[{"start":{"line":555,"column":11},"end":{"line":555,"column":11}},{"start":{"line":555,"column":11},"end":{"line":555,"column":11}}]},"33":{"line":566,"type":"if","locations":[{"start":{"line":566,"column":4},"end":{"line":566,"column":4}},{"start":{"line":566,"column":4},"end":{"line":566,"column":4}}]}}},
"contracts\\SuccessResponse.sol":{"l":{},"path":"F:\\SimpleSwapDApp\\hardhat\\contracts\\SuccessResponse.sol","s":{},"b":{},"f":{"1":1},"fnMap":{"1":{"name":"withdrawETH","line":20,"loc":{"start":{"line":20,"column":1},"end":{"line":21,"column":4}}}},"statementMap":{},"branchMap":{}}}
