TN:
SF:F:\SimpleSwapDApp\hardhat\contracts\ContractsMaliciousReceiver.sol
FN:10,executeWithdraw
FNF:1
FNH:1
FNDA:2,executeWithdraw
DA:7,1
DA:11,2
DA:15,2
DA:16,1
LF:4
LH:4
BRDA:15,1,0,1
BRDA:15,1,1,1
BRF:2
BRH:2
end_of_record
TN:
SF:F:\SimpleSwapDApp\hardhat\contracts\ISimpleSwap.sol
FNF:0
FNH:0
LF:0
LH:0
BRF:0
BRH:0
end_of_record
TN:
SF:F:\SimpleSwapDApp\hardhat\contracts\MyTokenA.sol
FN:38,constructor
FN:47,mint
FN:57,faucet
FNF:3
FNH:3
FNDA:48,constructor
FNDA:1,mint
FNDA:5,faucet
DA:40,48
DA:48,1
DA:58,5
DA:64,4
DA:67,4
LF:5
LH:5
BRDA:47,1,0,1
BRDA:47,1,1,1
BRDA:58,2,0,4
BRDA:58,2,1,1
BRF:4
BRH:4
end_of_record
TN:
SF:F:\SimpleSwapDApp\hardhat\contracts\MyTokenB.sol
FN:39,constructor
FN:48,mint
FN:58,faucet
FNF:3
FNH:3
FNDA:47,constructor
FNDA:1,mint
FNDA:5,faucet
DA:41,47
DA:49,1
DA:59,5
DA:65,4
DA:68,4
LF:5
LH:5
BRDA:48,1,0,1
BRDA:48,1,1,1
BRDA:59,2,0,4
BRDA:59,2,1,1
BRF:4
BRH:4
end_of_record
TN:
SF:F:\SimpleSwapDApp\hardhat\contracts\SimpleSwap.sol
FN:118,checkDeadline
FN:132,constructor
FN:163,addLiquidity
FN:230,removeLiquidity
FN:280,swapExactTokensForTokens
FN:324,getAmountOut
FN:345,getPrice
FN:362,getReserves
FN:378,_sortTokens
FN:396,_getReservesByTokens
FN:418,_updateReserves
FN:449,_calculateOptimalAmounts
FN:487,_mintLiquidityTokens
FN:533,withdrawETH
FN:549,recoverERC20
FNF:15
FNH:15
FNDA:61,checkDeadline
FNDA:48,constructor
FNDA:47,addLiquidity
FNDA:5,removeLiquidity
FNDA:5,swapExactTokensForTokens
FNDA:13,getAmountOut
FNDA:3,getPrice
FNDA:8,getReserves
FNDA:112,_sortTokens
FNDA:69,_getReservesByTokens
FNDA:43,_updateReserves
FNDA:46,_calculateOptimalAmounts
FNDA:43,_mintLiquidityTokens
FNDA:3,withdrawETH
FNDA:4,recoverERC20
DA:119,61
DA:120,57
DA:167,47
DA:171,46
DA:173,46
DA:182,44
DA:183,43
DA:185,43
DA:195,41
DA:197,41
DA:233,5
DA:234,2
DA:237,3
DA:241,3
DA:243,3
DA:244,3
DA:246,3
DA:247,2
DA:249,1
DA:252,1
DA:254,1
DA:255,1
DA:257,1
DA:281,5
DA:282,4
DA:283,4
DA:286,4
DA:291,4
DA:292,2
DA:293,1
DA:295,1
DA:298,1
DA:305,1
DA:307,1
DA:329,13
DA:330,10
DA:331,5
DA:332,5
DA:333,5
DA:334,5
DA:349,3
DA:353,3
DA:354,2
DA:366,8
DA:382,112
DA:383,111
DA:400,69
DA:401,68
DA:404,68
DA:424,43
DA:425,43
DA:427,43
DA:431,43
DA:432,43
DA:457,46
DA:458,40
DA:460,6
DA:461,6
DA:462,4
DA:463,1
DA:464,3
DA:466,2
DA:467,2
DA:468,1
DA:469,1
DA:495,43
DA:497,40
DA:498,40
DA:499,1
DA:502,39
DA:505,3
DA:506,3
DA:507,3
DA:510,42
DA:513,41
DA:534,3
DA:535,3
DA:536,2
DA:537,2
DA:550,4
DA:552,4
DA:553,4
DA:554,2
DA:556,1
DA:561,1
DA:564,3
DA:566,3
DA:567,1
DA:570,2
DA:572,2
LF:90
LH:90
BRDA:119,1,0,4
BRDA:119,1,1,57
BRDA:163,2,0,47
BRDA:163,2,1,1
BRDA:230,3,0,5
BRDA:230,3,1,1
BRDA:233,4,0,2
BRDA:233,4,1,3
BRDA:233,5,0,1
BRDA:233,5,1,1
BRDA:246,6,0,1
BRDA:246,6,1,2
BRDA:247,7,0,1
BRDA:247,7,1,1
BRDA:280,8,0,5
BRDA:280,8,1,2
BRDA:281,9,0,1
BRDA:281,9,1,4
BRDA:292,10,0,1
BRDA:292,10,1,1
BRDA:329,11,0,3
BRDA:329,11,1,10
BRDA:330,12,0,5
BRDA:330,12,1,5
BRDA:330,13,0,4
BRDA:330,13,1,1
BRDA:353,14,0,1
BRDA:353,14,1,2
BRDA:382,15,0,1
BRDA:382,15,1,111
BRDA:384,16,0,63
BRDA:384,16,1,48
BRDA:405,17,0,39
BRDA:405,17,1,29
BRDA:428,18,0,24
BRDA:428,18,1,19
BRDA:457,19,0,40
BRDA:457,19,1,6
BRDA:461,20,0,4
BRDA:461,20,1,2
BRDA:462,21,0,1
BRDA:462,21,1,3
BRDA:467,22,0,1
BRDA:467,22,1,1
BRDA:495,23,0,40
BRDA:495,23,1,3
BRDA:498,24,0,1
BRDA:498,24,1,39
BRDA:507,25,0,0
BRDA:507,25,1,3
BRDA:510,26,0,1
BRDA:510,26,1,41
BRDA:533,27,0,3
BRDA:533,27,1,1
BRDA:535,28,0,1
BRDA:535,28,1,2
BRDA:537,29,0,1
BRDA:537,29,1,1
BRDA:549,30,0,4
BRDA:549,30,1,1
BRDA:553,31,0,2
BRDA:553,31,1,2
BRDA:555,32,0,1
BRDA:555,32,1,1
BRDA:566,33,0,1
BRDA:566,33,1,2
BRF:66
BRH:65
end_of_record
TN:
SF:F:\SimpleSwapDApp\hardhat\contracts\SuccessResponse.sol
FN:20,withdrawETH
FNF:1
FNH:1
FNDA:1,withdrawETH
LF:0
LH:0
BRF:0
BRH:0
end_of_record
