TN:
SF:F:\SimpleSwapDApp\hardhat\contracts\ISimpleSwap.sol
FNF:0
FNH:0
LF:0
LH:0
BRF:0
BRH:0
end_of_record
TN:
SF:F:\SimpleSwapDApp\hardhat\contracts\MyTokenA.sol
FN:19,constructor
FN:29,mint
FNF:2
FNH:1
FNDA:33,constructor
FNDA:0,mint
DA:22,33
DA:30,0
LF:2
LH:1
BRDA:29,1,0,0
BRDA:29,1,1,0
BRF:2
BRH:0
end_of_record
TN:
SF:F:\SimpleSwapDApp\hardhat\contracts\MyTokenB.sol
FN:20,constructor
FN:30,mint
FNF:2
FNH:1
FNDA:33,constructor
FNDA:0,mint
DA:23,33
DA:31,0
LF:2
LH:1
BRDA:30,1,0,0
BRDA:30,1,1,0
BRF:2
BRH:0
end_of_record
TN:
SF:F:\SimpleSwapDApp\hardhat\contracts\SimpleSwap.sol
FN:107,checkDeadline
FN:122,constructor
FN:142,addLiquidity
FN:203,removeLiquidity
FN:247,swapExactTokensForTokens
FN:277,getReserves
FN:294,_getReservesByTokens
FN:319,_calculateOptimalAmounts
FN:359,_mintLiquidityTokens
FN:389,_calculateAndAdjustRemovedAmounts
FN:417,_updateReservesInternal
FN:441,_performTokenTransfers
FN:458,_emitLiquidityRemovedEvent
FN:476,_performSwapLogic
FN:513,getAmountOut
FN:527,getPrice
FN:545,withdrawETH
FN:554,recoverERC20
FNF:18
FNH:15
FNDA:57,checkDeadline
FNDA:35,constructor
FNDA:38,addLiquidity
FNDA:9,removeLiquidity
FNDA:10,swapExactTokensForTokens
FNDA:0,getReserves
FNDA:12,_getReservesByTokens
FNDA:36,_calculateOptimalAmounts
FNDA:32,_mintLiquidityTokens
FNDA:6,_calculateAndAdjustRemovedAmounts
FNDA:34,_updateReservesInternal
FNDA:2,_performTokenTransfers
FNDA:2,_emitLiquidityRemovedEvent
FNDA:8,_performSwapLogic
FNDA:14,getAmountOut
FNDA:4,getPrice
FNDA:0,withdrawETH
FNDA:0,recoverERC20
DA:108,57
DA:109,57
DA:145,38
DA:147,36
DA:151,36
DA:152,36
DA:154,36
DA:164,32
DA:165,32
DA:169,32
DA:180,30
DA:188,30
DA:206,9
DA:207,9
DA:211,9
DA:212,3
DA:213,6
DA:215,6
DA:223,6
DA:225,6
DA:226,4
DA:228,2
DA:235,2
DA:237,2
DA:249,10
DA:251,8
DA:252,8
DA:254,8
DA:256,8
DA:264,2
DA:282,0
DA:298,12
DA:299,12
DA:301,12
DA:304,12
DA:328,36
DA:329,32
DA:330,32
DA:332,4
DA:333,4
DA:334,2
DA:335,2
DA:336,0
DA:337,0
DA:339,2
DA:340,2
DA:341,2
DA:342,0
DA:343,0
DA:346,32
DA:347,32
DA:367,32
DA:368,32
DA:369,32
DA:370,2
DA:372,30
DA:374,0
DA:375,0
DA:376,0
DA:378,30
DA:400,6
DA:401,6
DA:403,6
DA:404,4
DA:424,34
DA:425,34
DA:426,34
DA:427,16
DA:428,16
DA:430,18
DA:431,18
DA:448,2
DA:449,2
DA:465,2
DA:483,8
DA:485,8
DA:490,8
DA:491,4
DA:492,2
DA:494,2
DA:496,2
DA:506,2
DA:518,14
DA:519,12
DA:520,2
DA:521,10
DA:522,10
DA:523,10
DA:531,4
DA:532,4
DA:533,0
DA:534,4
DA:546,0
DA:547,0
DA:548,0
DA:549,0
DA:555,0
DA:556,0
DA:557,0
LF:99
LH:83
BRDA:108,1,0,0
BRDA:108,1,1,57
BRDA:142,2,0,38
BRDA:142,2,1,0
BRDA:145,3,0,2
BRDA:145,3,1,36
BRDA:148,4,0,19
BRDA:148,4,1,17
BRDA:203,5,0,9
BRDA:203,5,1,0
BRDA:206,6,0,0
BRDA:206,6,1,9
BRDA:208,7,0,2
BRDA:208,7,1,7
BRDA:211,8,0,3
BRDA:211,8,1,6
BRDA:211,9,0,2
BRDA:211,9,1,1
BRDA:213,10,0,2
BRDA:213,10,1,4
BRDA:225,11,0,2
BRDA:225,11,1,4
BRDA:226,12,0,2
BRDA:226,12,1,2
BRDA:247,13,0,10
BRDA:247,13,1,0
BRDA:249,14,0,2
BRDA:249,14,1,8
BRDA:298,15,0,0
BRDA:298,15,1,12
BRDA:299,16,0,6
BRDA:299,16,1,6
BRDA:305,17,0,6
BRDA:305,17,1,6
BRDA:328,18,0,32
BRDA:328,18,1,4
BRDA:333,19,0,2
BRDA:333,19,1,2
BRDA:334,20,0,2
BRDA:334,20,1,0
BRDA:340,21,0,2
BRDA:340,21,1,0
BRDA:346,22,0,0
BRDA:346,22,1,32
BRDA:347,23,0,0
BRDA:347,23,1,32
BRDA:367,24,0,32
BRDA:367,24,1,0
BRDA:369,25,0,2
BRDA:369,25,1,30
BRDA:376,26,0,0
BRDA:376,26,1,0
BRDA:403,27,0,4
BRDA:403,27,1,2
BRDA:424,28,0,0
BRDA:424,28,1,34
BRDA:425,29,0,16
BRDA:425,29,1,18
BRDA:426,30,0,16
BRDA:426,30,1,18
BRDA:483,31,0,0
BRDA:483,31,1,8
BRDA:491,32,0,2
BRDA:491,32,1,2
BRDA:518,33,0,2
BRDA:518,33,1,12
BRDA:519,34,0,2
BRDA:519,34,1,10
BRDA:519,35,0,2
BRDA:519,35,1,0
BRDA:532,36,0,0
BRDA:532,36,1,4
BRDA:532,37,0,0
BRDA:532,37,1,0
BRDA:545,38,0,0
BRDA:545,38,1,0
BRDA:547,39,0,0
BRDA:547,39,1,0
BRDA:549,40,0,0
BRDA:549,40,1,0
BRDA:554,41,0,0
BRDA:554,41,1,0
BRDA:556,42,0,0
BRDA:556,42,1,0
BRF:84
BRH:55
end_of_record
